<?xml version="1.0" encoding="UTF-8"?><testsuite errors="1" failures="0" name="testcal.features.search.SearchByKeywordStory" skipped="0" tests="4" time="50.23" timestamp="2020-08-12 05:10:07"><testcase classname="testcal.features.search.SearchByKeywordStory" name="Add number1 number2"/><testcase classname="testcal.features.search.SearchByKeywordStory" name="Mul number1 number2"/><testcase classname="testcal.features.search.SearchByKeywordStory" name="Sub number1 and number2"/><testcase classname="testcal.features.search.SearchByKeywordStory" name="Div number1 number2"><error message="no such window: target window already closed&#10;from unknown error: web view not found&#10;  (Session info: chrome=84.0.4147.105)&#10;Build info: version: '3.141.59', revision: 'e82be7d358', time: '2018-11-14T08:17:03'&#10;System info: host: 'NGUYENTTHU', ip: '192.168.70.2', os.name: 'Windows 10', os.arch: 'amd64', os.version: '10.0', java.version: '1.8.0_211'&#10;Driver info: org.openqa.selenium.chrome.ChromeDriver&#10;Capabilities {acceptInsecureCerts: false, browserName: chrome, browserVersion: 84.0.4147.105, chrome: {chromedriverVersion: 84.0.4147.30 (48b3e868b4cc0..., userDataDir: C:\Users\Admin\AppData\Loca...}, goog:chromeOptions: {debuggerAddress: localhost:54471}, javascriptEnabled: true, networkConnectionEnabled: false, pageLoadStrategy: normal, platform: WINDOWS, platformName: WINDOWS, proxy: Proxy(), setWindowRect: true, strictFileInteractability: false, timeouts: {implicit: 0, pageLoad: 300000, script: 30000}, unhandledPromptBehavior: dismiss and notify, webauthn:virtualAuthenticators: true}&#10;Session ID: c64c2700fa01a4a16787b4bce7c3b399&#10;*** Element info: {Using=xpath, value=//*[@id=&quot;main&quot;]//*[@class=&quot;dcg-basic-expression-value&quot;]//span[@class='dcg-mq-root-block']}" type="org.openqa.selenium.NoSuchWindowException">no such window: target window already closed
from unknown error: web view not found
  (Session info: chrome=84.0.4147.105)
Build info: version: '3.141.59', revision: 'e82be7d358', time: '2018-11-14T08:17:03'
System info: host: 'NGUYENTTHU', ip: '192.168.70.2', os.name: 'Windows 10', os.arch: 'amd64', os.version: '10.0', java.version: '1.8.0_211'
Driver info: org.openqa.selenium.chrome.ChromeDriver
Capabilities {acceptInsecureCerts: false, browserName: chrome, browserVersion: 84.0.4147.105, chrome: {chromedriverVersion: 84.0.4147.30 (48b3e868b4cc0..., userDataDir: C:\Users\Admin\AppData\Loca...}, goog:chromeOptions: {debuggerAddress: localhost:54471}, javascriptEnabled: true, networkConnectionEnabled: false, pageLoadStrategy: normal, platform: WINDOWS, platformName: WINDOWS, proxy: Proxy(), setWindowRect: true, strictFileInteractability: false, timeouts: {implicit: 0, pageLoad: 300000, script: 30000}, unhandledPromptBehavior: dismiss and notify, webauthn:virtualAuthenticators: true}
Session ID: c64c2700fa01a4a16787b4bce7c3b399
*** Element info: {Using=xpath, value=//*[@id="main"]//*[@class="dcg-basic-expression-value"]//span[@class='dcg-mq-root-block']}</error><system-err>no such window: target window already closed
from unknown error: web view not found
  (Session info: chrome=84.0.4147.105)
Build info: version: '3.141.59', revision: 'e82be7d358', time: '2018-11-14T08:17:03'
System info: host: 'NGUYENTTHU', ip: '192.168.70.2', os.name: 'Windows 10', os.arch: 'amd64', os.version: '10.0', java.version: '1.8.0_211'
Driver info: org.openqa.selenium.chrome.ChromeDriver
Capabilities {acceptInsecureCerts: false, browserName: chrome, browserVersion: 84.0.4147.105, chrome: {chromedriverVersion: 84.0.4147.30 (48b3e868b4cc0..., userDataDir: C:\Users\Admin\AppData\Loca...}, goog:chromeOptions: {debuggerAddress: localhost:54471}, javascriptEnabled: true, networkConnectionEnabled: false, pageLoadStrategy: normal, platform: WINDOWS, platformName: WINDOWS, proxy: Proxy(), setWindowRect: true, strictFileInteractability: false, timeouts: {implicit: 0, pageLoad: 300000, script: 30000}, unhandledPromptBehavior: dismiss and notify, webauthn:virtualAuthenticators: true}
Session ID: c64c2700fa01a4a16787b4bce7c3b399
*** Element info: {Using=xpath, value=//*[@id="main"]//*[@class="dcg-basic-expression-value"]//span[@class='dcg-mq-root-block']}&#13;
testcal.questions.CalculatorResuls.answeredBy(CalculatorResuls.java:11)&#13;
testcal.questions.CalculatorResuls.answeredBy(CalculatorResuls.java:8)&#13;
testcal.features.search.SearchByKeywordStory.Div_number1_number2(SearchByKeywordStory.java:94)&#13;
</system-err></testcase></testsuite>